[Tue Apr 17 09:34:59 2012] [warn] mod_wsgi: Compiled for Python/2.7.2rc1.
[Tue Apr 17 09:34:59 2012] [warn] mod_wsgi: Runtime using Python/2.7.2+.
[Tue Apr 17 09:34:59 2012] [notice] Apache/2.2.20 (Ubuntu) mod_wsgi/3.3 Python/2.7.2+ configured -- resuming normal operations
[Tue Apr 17 09:42:38 2012] [notice] caught SIGTERM, shutting down
[Tue Apr 17 09:42:39 2012] [warn] mod_wsgi: Compiled for Python/2.7.2rc1.
[Tue Apr 17 09:42:39 2012] [warn] mod_wsgi: Runtime using Python/2.7.2+.
[Tue Apr 17 09:42:39 2012] [notice] Apache/2.2.20 (Ubuntu) mod_wsgi/3.3 Python/2.7.2+ configured -- resuming normal operations
[Tue Apr 17 09:47:02 2012] [notice] caught SIGTERM, shutting down
[Tue Apr 17 09:47:03 2012] [warn] mod_wsgi: Compiled for Python/2.7.2rc1.
[Tue Apr 17 09:47:03 2012] [warn] mod_wsgi: Runtime using Python/2.7.2+.
[Tue Apr 17 09:47:03 2012] [notice] Apache/2.2.20 (Ubuntu) mod_wsgi/3.3 Python/2.7.2+ configured -- resuming normal operations
[Tue Apr 17 09:51:44 2012] [notice] caught SIGTERM, shutting down
[Tue Apr 17 09:51:45 2012] [warn] mod_wsgi: Compiled for Python/2.7.2rc1.
[Tue Apr 17 09:51:45 2012] [warn] mod_wsgi: Runtime using Python/2.7.2+.
[Tue Apr 17 09:51:45 2012] [notice] Apache/2.2.20 (Ubuntu) mod_wsgi/3.3 Python/2.7.2+ configured -- resuming normal operations
[Tue Apr 17 09:54:55 2012] [notice] caught SIGTERM, shutting down
[Tue Apr 17 09:54:56 2012] [warn] mod_wsgi: Compiled for Python/2.7.2rc1.
[Tue Apr 17 09:54:56 2012] [warn] mod_wsgi: Runtime using Python/2.7.2+.
[Tue Apr 17 09:54:56 2012] [notice] Apache/2.2.20 (Ubuntu) mod_wsgi/3.3 Python/2.7.2+ configured -- resuming normal operations
[Tue Apr 17 09:57:18 2012] [notice] caught SIGTERM, shutting down
[Tue Apr 17 09:57:19 2012] [warn] mod_wsgi: Compiled for Python/2.7.2rc1.
[Tue Apr 17 09:57:19 2012] [warn] mod_wsgi: Runtime using Python/2.7.2+.
[Tue Apr 17 09:57:19 2012] [notice] Apache/2.2.20 (Ubuntu) mod_wsgi/3.3 Python/2.7.2+ configured -- resuming normal operations
[Tue Apr 17 09:59:52 2012] [notice] caught SIGTERM, shutting down
[Tue Apr 17 09:59:53 2012] [warn] mod_wsgi: Compiled for Python/2.7.2rc1.
[Tue Apr 17 09:59:53 2012] [warn] mod_wsgi: Runtime using Python/2.7.2+.
[Tue Apr 17 09:59:53 2012] [notice] Apache/2.2.20 (Ubuntu) mod_wsgi/3.3 Python/2.7.2+ configured -- resuming normal operations
[Tue Apr 17 10:02:35 2012] [notice] caught SIGTERM, shutting down
[Tue Apr 17 10:02:36 2012] [warn] mod_wsgi: Compiled for Python/2.7.2rc1.
[Tue Apr 17 10:02:36 2012] [warn] mod_wsgi: Runtime using Python/2.7.2+.
[Tue Apr 17 10:02:36 2012] [notice] Apache/2.2.20 (Ubuntu) mod_wsgi/3.3 Python/2.7.2+ configured -- resuming normal operations
[Tue Apr 17 10:03:13 2012] [notice] caught SIGTERM, shutting down
[Tue Apr 17 10:03:14 2012] [warn] mod_wsgi: Compiled for Python/2.7.2rc1.
[Tue Apr 17 10:03:14 2012] [warn] mod_wsgi: Runtime using Python/2.7.2+.
[Tue Apr 17 10:03:14 2012] [notice] Apache/2.2.20 (Ubuntu) mod_wsgi/3.3 Python/2.7.2+ configured -- resuming normal operations
[Tue Apr 17 11:37:07 2012] [notice] caught SIGTERM, shutting down
[Tue Apr 17 11:37:07 2012] [warn] mod_wsgi: Compiled for Python/2.7.2rc1.
[Tue Apr 17 11:37:07 2012] [warn] mod_wsgi: Runtime using Python/2.7.2+.
[Tue Apr 17 11:37:07 2012] [notice] Apache/2.2.20 (Ubuntu) mod_wsgi/3.3 Python/2.7.2+ configured -- resuming normal operations
[Tue Apr 17 11:52:55 2012] [notice] caught SIGTERM, shutting down
[Tue Apr 17 11:52:56 2012] [warn] mod_wsgi: Compiled for Python/2.7.2rc1.
[Tue Apr 17 11:52:56 2012] [warn] mod_wsgi: Runtime using Python/2.7.2+.
[Tue Apr 17 11:52:56 2012] [notice] Apache/2.2.20 (Ubuntu) mod_wsgi/3.3 Python/2.7.2+ configured -- resuming normal operations
[Tue Apr 17 13:21:32 2012] [notice] caught SIGTERM, shutting down
[Tue Apr 17 13:21:33 2012] [warn] mod_wsgi: Compiled for Python/2.7.2rc1.
[Tue Apr 17 13:21:33 2012] [warn] mod_wsgi: Runtime using Python/2.7.2+.
[Tue Apr 17 13:21:33 2012] [notice] Apache/2.2.20 (Ubuntu) mod_wsgi/3.3 Python/2.7.2+ configured -- resuming normal operations
[Tue Apr 17 13:26:38 2012] [notice] caught SIGTERM, shutting down
[Tue Apr 17 13:26:39 2012] [warn] mod_wsgi: Compiled for Python/2.7.2rc1.
[Tue Apr 17 13:26:39 2012] [warn] mod_wsgi: Runtime using Python/2.7.2+.
[Tue Apr 17 13:26:39 2012] [notice] Apache/2.2.20 (Ubuntu) mod_wsgi/3.3 Python/2.7.2+ configured -- resuming normal operations
[Tue Apr 17 13:28:16 2012] [notice] caught SIGTERM, shutting down
[Tue Apr 17 13:28:17 2012] [warn] mod_wsgi: Compiled for Python/2.7.2rc1.
[Tue Apr 17 13:28:17 2012] [warn] mod_wsgi: Runtime using Python/2.7.2+.
[Tue Apr 17 13:28:17 2012] [notice] Apache/2.2.20 (Ubuntu) mod_wsgi/3.3 Python/2.7.2+ configured -- resuming normal operations
[Tue Apr 17 13:28:31 2012] [notice] caught SIGTERM, shutting down
[Tue Apr 17 13:28:32 2012] [warn] mod_wsgi: Compiled for Python/2.7.2rc1.
[Tue Apr 17 13:28:32 2012] [warn] mod_wsgi: Runtime using Python/2.7.2+.
[Tue Apr 17 13:28:32 2012] [notice] Apache/2.2.20 (Ubuntu) mod_wsgi/3.3 Python/2.7.2+ configured -- resuming normal operations
[Tue Apr 17 13:29:38 2012] [notice] caught SIGTERM, shutting down
[Tue Apr 17 13:29:39 2012] [warn] mod_wsgi: Compiled for Python/2.7.2rc1.
[Tue Apr 17 13:29:39 2012] [warn] mod_wsgi: Runtime using Python/2.7.2+.
[Tue Apr 17 13:29:39 2012] [notice] Apache/2.2.20 (Ubuntu) mod_wsgi/3.3 Python/2.7.2+ configured -- resuming normal operations
[Tue Apr 17 13:32:29 2012] [notice] caught SIGTERM, shutting down
[Tue Apr 17 13:32:30 2012] [warn] mod_wsgi: Compiled for Python/2.7.2rc1.
[Tue Apr 17 13:32:30 2012] [warn] mod_wsgi: Runtime using Python/2.7.2+.
[Tue Apr 17 13:32:30 2012] [notice] Apache/2.2.20 (Ubuntu) mod_wsgi/3.3 Python/2.7.2+ configured -- resuming normal operations
[Wed Apr 18 07:53:30 2012] [notice] caught SIGTERM, shutting down
[Wed Apr 18 07:53:31 2012] [warn] mod_wsgi: Compiled for Python/2.7.2rc1.
[Wed Apr 18 07:53:31 2012] [warn] mod_wsgi: Runtime using Python/2.7.2+.
[Wed Apr 18 07:53:31 2012] [notice] Apache/2.2.20 (Ubuntu) mod_wsgi/3.3 Python/2.7.2+ configured -- resuming normal operations
[Wed Apr 18 07:59:54 2012] [notice] caught SIGTERM, shutting down
[Wed Apr 18 07:59:55 2012] [warn] mod_wsgi: Compiled for Python/2.7.2rc1.
[Wed Apr 18 07:59:55 2012] [warn] mod_wsgi: Runtime using Python/2.7.2+.
[Wed Apr 18 07:59:55 2012] [notice] Apache/2.2.20 (Ubuntu) mod_wsgi/3.3 Python/2.7.2+ configured -- resuming normal operations
[Wed Apr 18 08:00:29 2012] [notice] caught SIGTERM, shutting down
[Wed Apr 18 08:00:30 2012] [warn] mod_wsgi: Compiled for Python/2.7.2rc1.
[Wed Apr 18 08:00:30 2012] [warn] mod_wsgi: Runtime using Python/2.7.2+.
[Wed Apr 18 08:00:30 2012] [notice] Apache/2.2.20 (Ubuntu) mod_wsgi/3.3 Python/2.7.2+ configured -- resuming normal operations
[Wed Apr 18 08:01:56 2012] [notice] caught SIGTERM, shutting down
[Wed Apr 18 08:01:56 2012] [warn] mod_wsgi: Compiled for Python/2.7.2rc1.
[Wed Apr 18 08:01:56 2012] [warn] mod_wsgi: Runtime using Python/2.7.2+.
[Wed Apr 18 08:01:56 2012] [notice] Apache/2.2.20 (Ubuntu) mod_wsgi/3.3 Python/2.7.2+ configured -- resuming normal operations
[Wed Apr 18 08:03:54 2012] [notice] caught SIGTERM, shutting down
[Wed Apr 18 08:03:55 2012] [warn] mod_wsgi: Compiled for Python/2.7.2rc1.
[Wed Apr 18 08:03:55 2012] [warn] mod_wsgi: Runtime using Python/2.7.2+.
[Wed Apr 18 08:03:55 2012] [notice] Apache/2.2.20 (Ubuntu) mod_wsgi/3.3 Python/2.7.2+ configured -- resuming normal operations
[Wed Apr 18 08:06:39 2012] [notice] caught SIGTERM, shutting down
[Wed Apr 18 08:06:40 2012] [warn] mod_wsgi: Compiled for Python/2.7.2rc1.
[Wed Apr 18 08:06:40 2012] [warn] mod_wsgi: Runtime using Python/2.7.2+.
[Wed Apr 18 08:06:40 2012] [notice] Apache/2.2.20 (Ubuntu) mod_wsgi/3.3 Python/2.7.2+ configured -- resuming normal operations
[Wed Apr 18 08:07:39 2012] [notice] caught SIGTERM, shutting down
[Wed Apr 18 08:07:40 2012] [warn] mod_wsgi: Compiled for Python/2.7.2rc1.
[Wed Apr 18 08:07:40 2012] [warn] mod_wsgi: Runtime using Python/2.7.2+.
[Wed Apr 18 08:07:40 2012] [notice] Apache/2.2.20 (Ubuntu) mod_wsgi/3.3 Python/2.7.2+ configured -- resuming normal operations
[Wed Apr 18 08:12:08 2012] [notice] caught SIGTERM, shutting down
[Wed Apr 18 08:12:09 2012] [warn] mod_wsgi: Compiled for Python/2.7.2rc1.
[Wed Apr 18 08:12:09 2012] [warn] mod_wsgi: Runtime using Python/2.7.2+.
[Wed Apr 18 08:12:09 2012] [notice] Apache/2.2.20 (Ubuntu) mod_wsgi/3.3 Python/2.7.2+ configured -- resuming normal operations
[Wed Apr 18 08:15:26 2012] [notice] caught SIGTERM, shutting down
[Wed Apr 18 08:15:26 2012] [warn] mod_wsgi: Compiled for Python/2.7.2rc1.
[Wed Apr 18 08:15:26 2012] [warn] mod_wsgi: Runtime using Python/2.7.2+.
[Wed Apr 18 08:15:26 2012] [notice] Apache/2.2.20 (Ubuntu) mod_wsgi/3.3 Python/2.7.2+ configured -- resuming normal operations
[Wed Apr 18 08:18:02 2012] [notice] caught SIGTERM, shutting down
[Wed Apr 18 08:18:03 2012] [warn] mod_wsgi: Compiled for Python/2.7.2rc1.
[Wed Apr 18 08:18:03 2012] [warn] mod_wsgi: Runtime using Python/2.7.2+.
[Wed Apr 18 08:18:03 2012] [notice] Apache/2.2.20 (Ubuntu) mod_wsgi/3.3 Python/2.7.2+ configured -- resuming normal operations
[Wed Apr 18 08:22:13 2012] [notice] caught SIGTERM, shutting down
[Wed Apr 18 08:22:14 2012] [warn] mod_wsgi: Compiled for Python/2.7.2rc1.
[Wed Apr 18 08:22:14 2012] [warn] mod_wsgi: Runtime using Python/2.7.2+.
[Wed Apr 18 08:22:14 2012] [notice] Apache/2.2.20 (Ubuntu) mod_wsgi/3.3 Python/2.7.2+ configured -- resuming normal operations
[Thu Apr 19 09:11:57 2012] [notice] caught SIGTERM, shutting down
[Thu Apr 19 09:11:58 2012] [warn] mod_wsgi: Compiled for Python/2.7.2rc1.
[Thu Apr 19 09:11:58 2012] [warn] mod_wsgi: Runtime using Python/2.7.2+.
[Thu Apr 19 09:11:58 2012] [notice] Apache/2.2.20 (Ubuntu) mod_wsgi/3.3 Python/2.7.2+ configured -- resuming normal operations
[Thu Apr 19 09:12:27 2012] [notice] caught SIGTERM, shutting down
[Thu Apr 19 09:12:28 2012] [warn] mod_wsgi: Compiled for Python/2.7.2rc1.
[Thu Apr 19 09:12:28 2012] [warn] mod_wsgi: Runtime using Python/2.7.2+.
[Thu Apr 19 09:12:28 2012] [notice] Apache/2.2.20 (Ubuntu) mod_wsgi/3.3 Python/2.7.2+ configured -- resuming normal operations
[Thu Apr 19 09:14:02 2012] [notice] caught SIGTERM, shutting down
[Thu Apr 19 09:14:03 2012] [warn] mod_wsgi: Compiled for Python/2.7.2rc1.
[Thu Apr 19 09:14:03 2012] [warn] mod_wsgi: Runtime using Python/2.7.2+.
[Thu Apr 19 09:14:03 2012] [notice] Apache/2.2.20 (Ubuntu) mod_wsgi/3.3 Python/2.7.2+ configured -- resuming normal operations
[Thu Apr 19 09:25:37 2012] [notice] caught SIGTERM, shutting down
[Thu Apr 19 09:25:38 2012] [warn] mod_wsgi: Compiled for Python/2.7.2rc1.
[Thu Apr 19 09:25:38 2012] [warn] mod_wsgi: Runtime using Python/2.7.2+.
[Thu Apr 19 09:25:38 2012] [notice] Apache/2.2.20 (Ubuntu) mod_wsgi/3.3 Python/2.7.2+ configured -- resuming normal operations
[Thu Apr 19 10:13:28 2012] [notice] caught SIGTERM, shutting down
[Thu Apr 19 10:13:28 2012] [warn] mod_wsgi: Compiled for Python/2.7.2rc1.
[Thu Apr 19 10:13:28 2012] [warn] mod_wsgi: Runtime using Python/2.7.2+.
[Thu Apr 19 10:13:28 2012] [notice] Apache/2.2.20 (Ubuntu) mod_wsgi/3.3 Python/2.7.2+ configured -- resuming normal operations
[Thu Apr 19 10:15:11 2012] [notice] caught SIGTERM, shutting down
[Thu Apr 19 10:15:12 2012] [warn] mod_wsgi: Compiled for Python/2.7.2rc1.
[Thu Apr 19 10:15:12 2012] [warn] mod_wsgi: Runtime using Python/2.7.2+.
[Thu Apr 19 10:15:12 2012] [notice] Apache/2.2.20 (Ubuntu) mod_wsgi/3.3 Python/2.7.2+ configured -- resuming normal operations
[Thu Apr 19 10:18:57 2012] [notice] caught SIGTERM, shutting down
[Thu Apr 19 10:18:58 2012] [warn] mod_wsgi: Compiled for Python/2.7.2rc1.
[Thu Apr 19 10:18:58 2012] [warn] mod_wsgi: Runtime using Python/2.7.2+.
[Thu Apr 19 10:18:58 2012] [notice] Apache/2.2.20 (Ubuntu) mod_wsgi/3.3 Python/2.7.2+ configured -- resuming normal operations
[Thu Apr 19 10:20:08 2012] [notice] caught SIGTERM, shutting down
[Thu Apr 19 10:20:09 2012] [warn] mod_wsgi: Compiled for Python/2.7.2rc1.
[Thu Apr 19 10:20:09 2012] [warn] mod_wsgi: Runtime using Python/2.7.2+.
[Thu Apr 19 10:20:09 2012] [notice] Apache/2.2.20 (Ubuntu) mod_wsgi/3.3 Python/2.7.2+ configured -- resuming normal operations
[Thu Apr 19 10:50:10 2012] [notice] caught SIGTERM, shutting down
[Thu Apr 19 10:50:11 2012] [warn] mod_wsgi: Compiled for Python/2.7.2rc1.
[Thu Apr 19 10:50:11 2012] [warn] mod_wsgi: Runtime using Python/2.7.2+.
[Thu Apr 19 10:50:11 2012] [notice] Apache/2.2.20 (Ubuntu) mod_wsgi/3.3 Python/2.7.2+ configured -- resuming normal operations
[Fri Apr 20 07:45:53 2012] [notice] caught SIGTERM, shutting down
[Fri Apr 20 07:45:54 2012] [warn] mod_wsgi: Compiled for Python/2.7.2rc1.
[Fri Apr 20 07:45:54 2012] [warn] mod_wsgi: Runtime using Python/2.7.2+.
[Fri Apr 20 07:45:54 2012] [notice] Apache/2.2.20 (Ubuntu) mod_wsgi/3.3 Python/2.7.2+ configured -- resuming normal operations
[Fri Apr 20 07:47:05 2012] [notice] caught SIGTERM, shutting down
[Fri Apr 20 07:47:06 2012] [warn] mod_wsgi: Compiled for Python/2.7.2rc1.
[Fri Apr 20 07:47:06 2012] [warn] mod_wsgi: Runtime using Python/2.7.2+.
[Fri Apr 20 07:47:06 2012] [notice] Apache/2.2.20 (Ubuntu) mod_wsgi/3.3 Python/2.7.2+ configured -- resuming normal operations
[Fri Apr 20 07:48:09 2012] [notice] caught SIGTERM, shutting down
[Fri Apr 20 07:48:09 2012] [warn] mod_wsgi: Compiled for Python/2.7.2rc1.
[Fri Apr 20 07:48:09 2012] [warn] mod_wsgi: Runtime using Python/2.7.2+.
[Fri Apr 20 07:48:09 2012] [notice] Apache/2.2.20 (Ubuntu) mod_wsgi/3.3 Python/2.7.2+ configured -- resuming normal operations
[Fri Apr 20 07:50:46 2012] [notice] caught SIGTERM, shutting down
[Fri Apr 20 07:50:47 2012] [warn] mod_wsgi: Compiled for Python/2.7.2rc1.
[Fri Apr 20 07:50:47 2012] [warn] mod_wsgi: Runtime using Python/2.7.2+.
[Fri Apr 20 07:50:47 2012] [notice] Apache/2.2.20 (Ubuntu) mod_wsgi/3.3 Python/2.7.2+ configured -- resuming normal operations
[Fri Apr 20 07:52:47 2012] [notice] caught SIGTERM, shutting down
[Fri Apr 20 07:52:48 2012] [warn] mod_wsgi: Compiled for Python/2.7.2rc1.
[Fri Apr 20 07:52:48 2012] [warn] mod_wsgi: Runtime using Python/2.7.2+.
[Fri Apr 20 07:52:48 2012] [notice] Apache/2.2.20 (Ubuntu) mod_wsgi/3.3 Python/2.7.2+ configured -- resuming normal operations
[Fri Apr 20 07:57:05 2012] [notice] caught SIGTERM, shutting down
[Fri Apr 20 07:57:06 2012] [warn] mod_wsgi: Compiled for Python/2.7.2rc1.
[Fri Apr 20 07:57:06 2012] [warn] mod_wsgi: Runtime using Python/2.7.2+.
[Fri Apr 20 07:57:06 2012] [notice] Apache/2.2.20 (Ubuntu) mod_wsgi/3.3 Python/2.7.2+ configured -- resuming normal operations
[Fri Apr 20 08:19:30 2012] [notice] caught SIGTERM, shutting down
[Fri Apr 20 08:19:30 2012] [warn] mod_wsgi: Compiled for Python/2.7.2rc1.
[Fri Apr 20 08:19:30 2012] [warn] mod_wsgi: Runtime using Python/2.7.2+.
[Fri Apr 20 08:19:30 2012] [notice] Apache/2.2.20 (Ubuntu) mod_wsgi/3.3 Python/2.7.2+ configured -- resuming normal operations
[Fri Apr 20 08:23:43 2012] [notice] caught SIGTERM, shutting down
[Fri Apr 20 08:23:44 2012] [warn] mod_wsgi: Compiled for Python/2.7.2rc1.
[Fri Apr 20 08:23:44 2012] [warn] mod_wsgi: Runtime using Python/2.7.2+.
[Fri Apr 20 08:23:44 2012] [notice] Apache/2.2.20 (Ubuntu) mod_wsgi/3.3 Python/2.7.2+ configured -- resuming normal operations
[Fri Apr 20 08:25:38 2012] [notice] caught SIGTERM, shutting down
[Fri Apr 20 08:25:39 2012] [warn] mod_wsgi: Compiled for Python/2.7.2rc1.
[Fri Apr 20 08:25:39 2012] [warn] mod_wsgi: Runtime using Python/2.7.2+.
[Fri Apr 20 08:25:39 2012] [notice] Apache/2.2.20 (Ubuntu) mod_wsgi/3.3 Python/2.7.2+ configured -- resuming normal operations
[Fri Apr 20 08:27:10 2012] [notice] caught SIGTERM, shutting down
[Fri Apr 20 08:27:11 2012] [warn] mod_wsgi: Compiled for Python/2.7.2rc1.
[Fri Apr 20 08:27:11 2012] [warn] mod_wsgi: Runtime using Python/2.7.2+.
[Fri Apr 20 08:27:11 2012] [notice] Apache/2.2.20 (Ubuntu) mod_wsgi/3.3 Python/2.7.2+ configured -- resuming normal operations
[Fri Apr 20 08:47:31 2012] [notice] caught SIGTERM, shutting down
[Fri Apr 20 08:47:32 2012] [warn] mod_wsgi: Compiled for Python/2.7.2rc1.
[Fri Apr 20 08:47:32 2012] [warn] mod_wsgi: Runtime using Python/2.7.2+.
[Fri Apr 20 08:47:32 2012] [notice] Apache/2.2.20 (Ubuntu) mod_wsgi/3.3 Python/2.7.2+ configured -- resuming normal operations
[Fri Apr 20 08:48:48 2012] [notice] caught SIGTERM, shutting down
[Fri Apr 20 08:48:48 2012] [warn] mod_wsgi: Compiled for Python/2.7.2rc1.
[Fri Apr 20 08:48:48 2012] [warn] mod_wsgi: Runtime using Python/2.7.2+.
[Fri Apr 20 08:48:48 2012] [notice] Apache/2.2.20 (Ubuntu) mod_wsgi/3.3 Python/2.7.2+ configured -- resuming normal operations
[Fri Apr 20 08:49:16 2012] [notice] caught SIGTERM, shutting down
[Fri Apr 20 08:49:17 2012] [warn] mod_wsgi: Compiled for Python/2.7.2rc1.
[Fri Apr 20 08:49:17 2012] [warn] mod_wsgi: Runtime using Python/2.7.2+.
[Fri Apr 20 08:49:17 2012] [notice] Apache/2.2.20 (Ubuntu) mod_wsgi/3.3 Python/2.7.2+ configured -- resuming normal operations
[Fri Apr 20 09:05:38 2012] [notice] caught SIGTERM, shutting down
[Fri Apr 20 09:05:39 2012] [warn] mod_wsgi: Compiled for Python/2.7.2rc1.
[Fri Apr 20 09:05:39 2012] [warn] mod_wsgi: Runtime using Python/2.7.2+.
[Fri Apr 20 09:05:39 2012] [notice] Apache/2.2.20 (Ubuntu) mod_wsgi/3.3 Python/2.7.2+ configured -- resuming normal operations
[Fri Apr 20 09:29:33 2012] [notice] caught SIGTERM, shutting down
[Fri Apr 20 09:29:34 2012] [warn] mod_wsgi: Compiled for Python/2.7.2rc1.
[Fri Apr 20 09:29:34 2012] [warn] mod_wsgi: Runtime using Python/2.7.2+.
[Fri Apr 20 09:29:34 2012] [notice] Apache/2.2.20 (Ubuntu) mod_wsgi/3.3 Python/2.7.2+ configured -- resuming normal operations
[Fri Apr 20 09:30:16 2012] [notice] caught SIGTERM, shutting down
[Fri Apr 20 09:30:17 2012] [warn] mod_wsgi: Compiled for Python/2.7.2rc1.
[Fri Apr 20 09:30:17 2012] [warn] mod_wsgi: Runtime using Python/2.7.2+.
[Fri Apr 20 09:30:17 2012] [notice] Apache/2.2.20 (Ubuntu) mod_wsgi/3.3 Python/2.7.2+ configured -- resuming normal operations
[Fri Apr 20 09:30:55 2012] [notice] caught SIGTERM, shutting down
[Fri Apr 20 09:30:56 2012] [warn] mod_wsgi: Compiled for Python/2.7.2rc1.
[Fri Apr 20 09:30:56 2012] [warn] mod_wsgi: Runtime using Python/2.7.2+.
[Fri Apr 20 09:30:56 2012] [notice] Apache/2.2.20 (Ubuntu) mod_wsgi/3.3 Python/2.7.2+ configured -- resuming normal operations
[Fri Apr 20 09:32:23 2012] [notice] caught SIGTERM, shutting down
[Fri Apr 20 09:32:24 2012] [warn] mod_wsgi: Compiled for Python/2.7.2rc1.
[Fri Apr 20 09:32:24 2012] [warn] mod_wsgi: Runtime using Python/2.7.2+.
[Fri Apr 20 09:32:24 2012] [notice] Apache/2.2.20 (Ubuntu) mod_wsgi/3.3 Python/2.7.2+ configured -- resuming normal operations
[Fri Apr 20 09:39:06 2012] [notice] caught SIGTERM, shutting down
[Fri Apr 20 09:39:07 2012] [warn] mod_wsgi: Compiled for Python/2.7.2rc1.
[Fri Apr 20 09:39:07 2012] [warn] mod_wsgi: Runtime using Python/2.7.2+.
[Fri Apr 20 09:39:07 2012] [notice] Apache/2.2.20 (Ubuntu) mod_wsgi/3.3 Python/2.7.2+ configured -- resuming normal operations
[Fri Apr 20 09:46:30 2012] [notice] caught SIGTERM, shutting down
[Fri Apr 20 09:46:31 2012] [warn] mod_wsgi: Compiled for Python/2.7.2rc1.
[Fri Apr 20 09:46:31 2012] [warn] mod_wsgi: Runtime using Python/2.7.2+.
[Fri Apr 20 09:46:31 2012] [notice] Apache/2.2.20 (Ubuntu) mod_wsgi/3.3 Python/2.7.2+ configured -- resuming normal operations
[Fri Apr 20 09:59:10 2012] [notice] caught SIGTERM, shutting down
[Fri Apr 20 09:59:11 2012] [warn] mod_wsgi: Compiled for Python/2.7.2rc1.
[Fri Apr 20 09:59:11 2012] [warn] mod_wsgi: Runtime using Python/2.7.2+.
[Fri Apr 20 09:59:11 2012] [notice] Apache/2.2.20 (Ubuntu) mod_wsgi/3.3 Python/2.7.2+ configured -- resuming normal operations
[Sun Apr 22 06:25:04 2012] [notice] SIGUSR1 received.  Doing graceful restart
apache2: Could not reliably determine the server's fully qualified domain name, using 176.58.97.52 for ServerName
[Sun Apr 22 06:25:04 2012] [warn] mod_wsgi: Compiled for Python/2.7.2rc1.
[Sun Apr 22 06:25:04 2012] [warn] mod_wsgi: Runtime using Python/2.7.2+.
[Sun Apr 22 06:25:04 2012] [notice] Apache/2.2.20 (Ubuntu) mod_wsgi/3.3 Python/2.7.2+ configured -- resuming normal operations
[Mon Apr 23 10:52:13 2012] [notice] caught SIGTERM, shutting down
[Mon Apr 23 10:52:14 2012] [warn] mod_wsgi: Compiled for Python/2.7.2rc1.
[Mon Apr 23 10:52:14 2012] [warn] mod_wsgi: Runtime using Python/2.7.2+.
[Mon Apr 23 10:52:14 2012] [notice] Apache/2.2.20 (Ubuntu) mod_wsgi/3.3 Python/2.7.2+ configured -- resuming normal operations
[Mon Apr 23 10:53:05 2012] [notice] caught SIGTERM, shutting down
[Mon Apr 23 10:53:06 2012] [warn] mod_wsgi: Compiled for Python/2.7.2rc1.
[Mon Apr 23 10:53:06 2012] [warn] mod_wsgi: Runtime using Python/2.7.2+.
[Mon Apr 23 10:53:06 2012] [notice] Apache/2.2.20 (Ubuntu) mod_wsgi/3.3 Python/2.7.2+ configured -- resuming normal operations
[Mon Apr 23 10:55:07 2012] [notice] caught SIGTERM, shutting down
[Mon Apr 23 10:55:08 2012] [warn] mod_wsgi: Compiled for Python/2.7.2rc1.
[Mon Apr 23 10:55:08 2012] [warn] mod_wsgi: Runtime using Python/2.7.2+.
[Mon Apr 23 10:55:08 2012] [notice] Apache/2.2.20 (Ubuntu) mod_wsgi/3.3 Python/2.7.2+ configured -- resuming normal operations
[Mon Apr 23 11:00:51 2012] [notice] caught SIGTERM, shutting down
[Mon Apr 23 11:00:51 2012] [warn] mod_wsgi: Compiled for Python/2.7.2rc1.
[Mon Apr 23 11:00:51 2012] [warn] mod_wsgi: Runtime using Python/2.7.2+.
[Mon Apr 23 11:00:51 2012] [notice] Apache/2.2.20 (Ubuntu) mod_wsgi/3.3 Python/2.7.2+ configured -- resuming normal operations
[Mon Apr 23 11:01:23 2012] [notice] caught SIGTERM, shutting down
[Mon Apr 23 11:01:24 2012] [warn] mod_wsgi: Compiled for Python/2.7.2rc1.
[Mon Apr 23 11:01:24 2012] [warn] mod_wsgi: Runtime using Python/2.7.2+.
[Mon Apr 23 11:01:24 2012] [notice] Apache/2.2.20 (Ubuntu) mod_wsgi/3.3 Python/2.7.2+ configured -- resuming normal operations
[Mon Apr 23 11:14:14 2012] [notice] caught SIGTERM, shutting down
[Mon Apr 23 11:14:15 2012] [warn] mod_wsgi: Compiled for Python/2.7.2rc1.
[Mon Apr 23 11:14:15 2012] [warn] mod_wsgi: Runtime using Python/2.7.2+.
[Mon Apr 23 11:14:15 2012] [notice] Apache/2.2.20 (Ubuntu) mod_wsgi/3.3 Python/2.7.2+ configured -- resuming normal operations
[Mon Apr 23 11:20:17 2012] [notice] caught SIGTERM, shutting down
[Mon Apr 23 11:20:18 2012] [warn] mod_wsgi: Compiled for Python/2.7.2rc1.
[Mon Apr 23 11:20:18 2012] [warn] mod_wsgi: Runtime using Python/2.7.2+.
[Mon Apr 23 11:20:18 2012] [notice] Apache/2.2.20 (Ubuntu) mod_wsgi/3.3 Python/2.7.2+ configured -- resuming normal operations
[Mon Apr 23 13:42:32 2012] [notice] caught SIGTERM, shutting down
[Mon Apr 23 13:42:32 2012] [warn] mod_wsgi: Compiled for Python/2.7.2rc1.
[Mon Apr 23 13:42:32 2012] [warn] mod_wsgi: Runtime using Python/2.7.2+.
[Mon Apr 23 13:42:32 2012] [notice] Apache/2.2.20 (Ubuntu) mod_wsgi/3.3 Python/2.7.2+ configured -- resuming normal operations
[Mon Apr 23 13:43:47 2012] [notice] caught SIGTERM, shutting down
[Mon Apr 23 13:43:48 2012] [warn] mod_wsgi: Compiled for Python/2.7.2rc1.
[Mon Apr 23 13:43:48 2012] [warn] mod_wsgi: Runtime using Python/2.7.2+.
[Mon Apr 23 13:43:48 2012] [notice] Apache/2.2.20 (Ubuntu) mod_wsgi/3.3 Python/2.7.2+ configured -- resuming normal operations
[Mon Apr 23 13:44:33 2012] [notice] caught SIGTERM, shutting down
[Mon Apr 23 13:44:34 2012] [warn] mod_wsgi: Compiled for Python/2.7.2rc1.
[Mon Apr 23 13:44:34 2012] [warn] mod_wsgi: Runtime using Python/2.7.2+.
[Mon Apr 23 13:44:34 2012] [notice] Apache/2.2.20 (Ubuntu) mod_wsgi/3.3 Python/2.7.2+ configured -- resuming normal operations
[Mon Apr 23 13:45:32 2012] [notice] caught SIGTERM, shutting down
[Mon Apr 23 13:45:32 2012] [warn] mod_wsgi: Compiled for Python/2.7.2rc1.
[Mon Apr 23 13:45:32 2012] [warn] mod_wsgi: Runtime using Python/2.7.2+.
[Mon Apr 23 13:45:32 2012] [notice] Apache/2.2.20 (Ubuntu) mod_wsgi/3.3 Python/2.7.2+ configured -- resuming normal operations
[Mon Apr 23 13:46:34 2012] [notice] caught SIGTERM, shutting down
[Mon Apr 23 13:46:34 2012] [warn] mod_wsgi: Compiled for Python/2.7.2rc1.
[Mon Apr 23 13:46:34 2012] [warn] mod_wsgi: Runtime using Python/2.7.2+.
[Mon Apr 23 13:46:34 2012] [notice] Apache/2.2.20 (Ubuntu) mod_wsgi/3.3 Python/2.7.2+ configured -- resuming normal operations
[Mon Apr 23 13:54:40 2012] [notice] caught SIGTERM, shutting down
[Mon Apr 23 13:54:40 2012] [warn] mod_wsgi: Compiled for Python/2.7.2rc1.
[Mon Apr 23 13:54:40 2012] [warn] mod_wsgi: Runtime using Python/2.7.2+.
[Mon Apr 23 13:54:40 2012] [notice] Apache/2.2.20 (Ubuntu) mod_wsgi/3.3 Python/2.7.2+ configured -- resuming normal operations
[Mon Apr 23 13:55:45 2012] [notice] caught SIGTERM, shutting down
[Mon Apr 23 13:55:46 2012] [warn] mod_wsgi: Compiled for Python/2.7.2rc1.
[Mon Apr 23 13:55:46 2012] [warn] mod_wsgi: Runtime using Python/2.7.2+.
[Mon Apr 23 13:55:46 2012] [notice] Apache/2.2.20 (Ubuntu) mod_wsgi/3.3 Python/2.7.2+ configured -- resuming normal operations
[Mon Apr 23 13:56:42 2012] [notice] caught SIGTERM, shutting down
[Mon Apr 23 13:56:43 2012] [warn] mod_wsgi: Compiled for Python/2.7.2rc1.
[Mon Apr 23 13:56:43 2012] [warn] mod_wsgi: Runtime using Python/2.7.2+.
[Mon Apr 23 13:56:43 2012] [notice] Apache/2.2.20 (Ubuntu) mod_wsgi/3.3 Python/2.7.2+ configured -- resuming normal operations
[Mon Apr 23 13:57:26 2012] [notice] caught SIGTERM, shutting down
[Mon Apr 23 13:57:26 2012] [warn] mod_wsgi: Compiled for Python/2.7.2rc1.
[Mon Apr 23 13:57:26 2012] [warn] mod_wsgi: Runtime using Python/2.7.2+.
[Mon Apr 23 13:57:26 2012] [notice] Apache/2.2.20 (Ubuntu) mod_wsgi/3.3 Python/2.7.2+ configured -- resuming normal operations
[Mon Apr 23 13:57:57 2012] [notice] caught SIGTERM, shutting down
[Mon Apr 23 13:57:58 2012] [warn] mod_wsgi: Compiled for Python/2.7.2rc1.
[Mon Apr 23 13:57:58 2012] [warn] mod_wsgi: Runtime using Python/2.7.2+.
[Mon Apr 23 13:57:58 2012] [notice] Apache/2.2.20 (Ubuntu) mod_wsgi/3.3 Python/2.7.2+ configured -- resuming normal operations
[Mon Apr 23 14:02:04 2012] [notice] caught SIGTERM, shutting down
[Mon Apr 23 14:02:04 2012] [warn] mod_wsgi: Compiled for Python/2.7.2rc1.
[Mon Apr 23 14:02:04 2012] [warn] mod_wsgi: Runtime using Python/2.7.2+.
[Mon Apr 23 14:02:04 2012] [notice] Apache/2.2.20 (Ubuntu) mod_wsgi/3.3 Python/2.7.2+ configured -- resuming normal operations
[Mon Apr 23 14:04:48 2012] [notice] caught SIGTERM, shutting down
[Mon Apr 23 14:04:48 2012] [warn] mod_wsgi: Compiled for Python/2.7.2rc1.
[Mon Apr 23 14:04:48 2012] [warn] mod_wsgi: Runtime using Python/2.7.2+.
[Mon Apr 23 14:04:48 2012] [notice] Apache/2.2.20 (Ubuntu) mod_wsgi/3.3 Python/2.7.2+ configured -- resuming normal operations
[Mon Apr 23 14:07:14 2012] [notice] caught SIGTERM, shutting down
[Mon Apr 23 14:07:15 2012] [warn] mod_wsgi: Compiled for Python/2.7.2rc1.
[Mon Apr 23 14:07:15 2012] [warn] mod_wsgi: Runtime using Python/2.7.2+.
[Mon Apr 23 14:07:15 2012] [notice] Apache/2.2.20 (Ubuntu) mod_wsgi/3.3 Python/2.7.2+ configured -- resuming normal operations
[Tue Apr 24 14:15:15 2012] [notice] caught SIGTERM, shutting down
[Tue Apr 24 14:15:16 2012] [warn] mod_wsgi: Compiled for Python/2.7.2rc1.
[Tue Apr 24 14:15:16 2012] [warn] mod_wsgi: Runtime using Python/2.7.2+.
[Tue Apr 24 14:15:16 2012] [notice] Apache/2.2.20 (Ubuntu) mod_wsgi/3.3 Python/2.7.2+ configured -- resuming normal operations
[Tue Apr 24 14:20:29 2012] [notice] caught SIGTERM, shutting down
[Tue Apr 24 14:20:30 2012] [warn] mod_wsgi: Compiled for Python/2.7.2rc1.
[Tue Apr 24 14:20:30 2012] [warn] mod_wsgi: Runtime using Python/2.7.2+.
[Tue Apr 24 14:20:30 2012] [notice] Apache/2.2.20 (Ubuntu) mod_wsgi/3.3 Python/2.7.2+ configured -- resuming normal operations
[Wed Apr 25 09:59:07 2012] [notice] caught SIGTERM, shutting down
[Wed Apr 25 09:59:08 2012] [warn] mod_wsgi: Compiled for Python/2.7.2rc1.
[Wed Apr 25 09:59:08 2012] [warn] mod_wsgi: Runtime using Python/2.7.2+.
[Wed Apr 25 09:59:08 2012] [notice] Apache/2.2.20 (Ubuntu) mod_wsgi/3.3 Python/2.7.2+ configured -- resuming normal operations
[Thu Apr 26 15:58:02 2012] [notice] caught SIGTERM, shutting down
[Thu Apr 26 15:58:07 2012] [warn] mod_wsgi: Compiled for Python/2.7.2rc1.
[Thu Apr 26 15:58:07 2012] [warn] mod_wsgi: Runtime using Python/2.7.2+.
[Thu Apr 26 15:58:07 2012] [notice] Apache/2.2.20 (Ubuntu) mod_wsgi/3.3 Python/2.7.2+ configured -- resuming normal operations
[Thu Apr 26 15:58:11 2012] [notice] Graceful restart requested, doing restart
apache2: Could not reliably determine the server's fully qualified domain name, using 176.58.97.52 for ServerName
[Thu Apr 26 15:58:11 2012] [warn] mod_wsgi: Compiled for Python/2.7.2rc1.
[Thu Apr 26 15:58:11 2012] [warn] mod_wsgi: Runtime using Python/2.7.2+.
[Thu Apr 26 15:58:11 2012] [notice] Apache/2.2.20 (Ubuntu) mod_wsgi/3.3 Python/2.7.2+ configured -- resuming normal operations
[Fri Apr 27 13:47:04 2012] [notice] caught SIGTERM, shutting down
[Fri Apr 27 13:47:05 2012] [warn] mod_wsgi: Compiled for Python/2.7.2rc1.
[Fri Apr 27 13:47:05 2012] [warn] mod_wsgi: Runtime using Python/2.7.2+.
[Fri Apr 27 13:47:05 2012] [notice] Apache/2.2.20 (Ubuntu) PHP/5.3.6-13ubuntu3.6 with Suhosin-Patch mod_wsgi/3.3 Python/2.7.2+ configured -- resuming normal operations
[Sun Apr 29 06:25:02 2012] [notice] Graceful restart requested, doing restart
apache2: Could not reliably determine the server's fully qualified domain name, using 176.58.97.52 for ServerName
[Sun Apr 29 06:25:03 2012] [warn] mod_wsgi: Compiled for Python/2.7.2rc1.
[Sun Apr 29 06:25:03 2012] [warn] mod_wsgi: Runtime using Python/2.7.2+.
[Sun Apr 29 06:25:03 2012] [notice] Apache/2.2.20 (Ubuntu) PHP/5.3.6-13ubuntu3.6 with Suhosin-Patch mod_wsgi/3.3 Python/2.7.2+ configured -- resuming normal operations
[Mon Apr 30 07:56:04 2012] [notice] caught SIGTERM, shutting down
[Mon Apr 30 07:56:05 2012] [warn] mod_wsgi: Compiled for Python/2.7.2rc1.
[Mon Apr 30 07:56:05 2012] [warn] mod_wsgi: Runtime using Python/2.7.2+.
[Mon Apr 30 07:56:05 2012] [notice] Apache/2.2.20 (Ubuntu) PHP/5.3.6-13ubuntu3.6 with Suhosin-Patch mod_wsgi/3.3 Python/2.7.2+ configured -- resuming normal operations
[Mon Apr 30 07:56:43 2012] [notice] caught SIGTERM, shutting down
[Mon Apr 30 07:56:44 2012] [warn] mod_wsgi: Compiled for Python/2.7.2rc1.
[Mon Apr 30 07:56:44 2012] [warn] mod_wsgi: Runtime using Python/2.7.2+.
[Mon Apr 30 07:56:44 2012] [notice] Apache/2.2.20 (Ubuntu) PHP/5.3.6-13ubuntu3.6 with Suhosin-Patch mod_wsgi/3.3 Python/2.7.2+ configured -- resuming normal operations
[Mon Apr 30 08:02:02 2012] [notice] caught SIGTERM, shutting down
[Mon Apr 30 08:02:02 2012] [warn] mod_wsgi: Compiled for Python/2.7.2rc1.
[Mon Apr 30 08:02:02 2012] [warn] mod_wsgi: Runtime using Python/2.7.2+.
[Mon Apr 30 08:02:02 2012] [notice] Apache/2.2.20 (Ubuntu) PHP/5.3.6-13ubuntu3.6 with Suhosin-Patch mod_wsgi/3.3 Python/2.7.2+ configured -- resuming normal operations
[Mon Apr 30 08:02:51 2012] [notice] caught SIGTERM, shutting down
[Mon Apr 30 08:02:52 2012] [warn] mod_wsgi: Compiled for Python/2.7.2rc1.
[Mon Apr 30 08:02:52 2012] [warn] mod_wsgi: Runtime using Python/2.7.2+.
[Mon Apr 30 08:02:52 2012] [notice] Apache/2.2.20 (Ubuntu) PHP/5.3.6-13ubuntu3.6 with Suhosin-Patch mod_wsgi/3.3 Python/2.7.2+ configured -- resuming normal operations
[Mon Apr 30 08:05:41 2012] [notice] caught SIGTERM, shutting down
[Mon Apr 30 08:05:42 2012] [warn] mod_wsgi: Compiled for Python/2.7.2rc1.
[Mon Apr 30 08:05:42 2012] [warn] mod_wsgi: Runtime using Python/2.7.2+.
[Mon Apr 30 08:05:42 2012] [notice] Apache/2.2.20 (Ubuntu) PHP/5.3.6-13ubuntu3.6 with Suhosin-Patch mod_wsgi/3.3 Python/2.7.2+ configured -- resuming normal operations
[Mon Apr 30 09:06:00 2012] [notice] caught SIGTERM, shutting down
[Mon Apr 30 09:06:00 2012] [warn] mod_wsgi: Compiled for Python/2.7.2rc1.
[Mon Apr 30 09:06:00 2012] [warn] mod_wsgi: Runtime using Python/2.7.2+.
[Mon Apr 30 09:06:00 2012] [notice] Apache/2.2.20 (Ubuntu) PHP/5.3.6-13ubuntu3.6 with Suhosin-Patch mod_wsgi/3.3 Python/2.7.2+ configured -- resuming normal operations
[Mon Apr 30 09:12:33 2012] [notice] caught SIGTERM, shutting down
[Mon Apr 30 09:12:34 2012] [warn] mod_wsgi: Compiled for Python/2.7.2rc1.
[Mon Apr 30 09:12:34 2012] [warn] mod_wsgi: Runtime using Python/2.7.2+.
[Mon Apr 30 09:12:34 2012] [notice] Apache/2.2.20 (Ubuntu) PHP/5.3.6-13ubuntu3.6 with Suhosin-Patch mod_wsgi/3.3 Python/2.7.2+ configured -- resuming normal operations
[Mon Apr 30 09:15:51 2012] [notice] caught SIGTERM, shutting down
[Mon Apr 30 09:15:52 2012] [warn] mod_wsgi: Compiled for Python/2.7.2rc1.
[Mon Apr 30 09:15:52 2012] [warn] mod_wsgi: Runtime using Python/2.7.2+.
[Mon Apr 30 09:15:52 2012] [notice] Apache/2.2.20 (Ubuntu) PHP/5.3.6-13ubuntu3.6 with Suhosin-Patch mod_wsgi/3.3 Python/2.7.2+ configured -- resuming normal operations
[Mon Apr 30 09:18:15 2012] [notice] caught SIGTERM, shutting down
[Mon Apr 30 09:18:16 2012] [warn] mod_wsgi: Compiled for Python/2.7.2rc1.
[Mon Apr 30 09:18:16 2012] [warn] mod_wsgi: Runtime using Python/2.7.2+.
[Mon Apr 30 09:18:16 2012] [notice] Apache/2.2.20 (Ubuntu) PHP/5.3.6-13ubuntu3.6 with Suhosin-Patch mod_wsgi/3.3 Python/2.7.2+ configured -- resuming normal operations
[Mon Apr 30 13:46:49 2012] [notice] caught SIGTERM, shutting down
[Mon Apr 30 13:46:50 2012] [warn] mod_wsgi: Compiled for Python/2.7.2rc1.
[Mon Apr 30 13:46:50 2012] [warn] mod_wsgi: Runtime using Python/2.7.2+.
[Mon Apr 30 13:46:50 2012] [notice] Apache/2.2.20 (Ubuntu) PHP/5.3.6-13ubuntu3.6 with Suhosin-Patch mod_wsgi/3.3 Python/2.7.2+ configured -- resuming normal operations
[Mon Apr 30 13:48:27 2012] [notice] caught SIGTERM, shutting down
[Mon Apr 30 13:48:28 2012] [warn] mod_wsgi: Compiled for Python/2.7.2rc1.
[Mon Apr 30 13:48:28 2012] [warn] mod_wsgi: Runtime using Python/2.7.2+.
[Mon Apr 30 13:48:28 2012] [notice] Apache/2.2.20 (Ubuntu) PHP/5.3.6-13ubuntu3.6 with Suhosin-Patch mod_wsgi/3.3 Python/2.7.2+ configured -- resuming normal operations
[Tue May 01 07:53:33 2012] [notice] caught SIGTERM, shutting down
[Tue May 01 07:53:33 2012] [warn] mod_wsgi: Compiled for Python/2.7.2rc1.
[Tue May 01 07:53:33 2012] [warn] mod_wsgi: Runtime using Python/2.7.2+.
[Tue May 01 07:53:33 2012] [notice] Apache/2.2.20 (Ubuntu) PHP/5.3.6-13ubuntu3.6 with Suhosin-Patch mod_wsgi/3.3 Python/2.7.2+ configured -- resuming normal operations
[Tue May 01 07:55:34 2012] [notice] caught SIGTERM, shutting down
[Tue May 01 07:55:35 2012] [warn] mod_wsgi: Compiled for Python/2.7.2rc1.
[Tue May 01 07:55:35 2012] [warn] mod_wsgi: Runtime using Python/2.7.2+.
[Tue May 01 07:55:35 2012] [notice] Apache/2.2.20 (Ubuntu) PHP/5.3.6-13ubuntu3.6 with Suhosin-Patch mod_wsgi/3.3 Python/2.7.2+ configured -- resuming normal operations
[Tue May 01 08:48:49 2012] [notice] caught SIGTERM, shutting down
[Tue May 01 08:48:50 2012] [warn] mod_wsgi: Compiled for Python/2.7.2rc1.
[Tue May 01 08:48:50 2012] [warn] mod_wsgi: Runtime using Python/2.7.2+.
[Tue May 01 08:48:50 2012] [notice] Apache/2.2.20 (Ubuntu) PHP/5.3.6-13ubuntu3.6 with Suhosin-Patch mod_wsgi/3.3 Python/2.7.2+ configured -- resuming normal operations
[Tue May 01 08:56:36 2012] [notice] caught SIGTERM, shutting down
[Tue May 01 08:56:37 2012] [warn] mod_wsgi: Compiled for Python/2.7.2rc1.
[Tue May 01 08:56:37 2012] [warn] mod_wsgi: Runtime using Python/2.7.2+.
[Tue May 01 08:56:37 2012] [notice] Apache/2.2.20 (Ubuntu) PHP/5.3.6-13ubuntu3.6 with Suhosin-Patch mod_wsgi/3.3 Python/2.7.2+ configured -- resuming normal operations
[Tue May 01 09:02:13 2012] [notice] caught SIGTERM, shutting down
[Tue May 01 09:02:14 2012] [warn] mod_wsgi: Compiled for Python/2.7.2rc1.
[Tue May 01 09:02:14 2012] [warn] mod_wsgi: Runtime using Python/2.7.2+.
[Tue May 01 09:02:14 2012] [notice] Apache/2.2.20 (Ubuntu) PHP/5.3.6-13ubuntu3.6 with Suhosin-Patch mod_wsgi/3.3 Python/2.7.2+ configured -- resuming normal operations
[Wed May 02 08:57:19 2012] [notice] caught SIGTERM, shutting down
[Wed May 02 08:57:20 2012] [warn] mod_wsgi: Compiled for Python/2.7.2rc1.
[Wed May 02 08:57:20 2012] [warn] mod_wsgi: Runtime using Python/2.7.2+.
[Wed May 02 08:57:20 2012] [notice] Apache/2.2.20 (Ubuntu) PHP/5.3.6-13ubuntu3.6 with Suhosin-Patch mod_wsgi/3.3 Python/2.7.2+ configured -- resuming normal operations
[Fri May 04 08:39:41 2012] [notice] caught SIGTERM, shutting down
[Fri May 04 08:39:41 2012] [warn] mod_wsgi: Compiled for Python/2.7.2rc1.
[Fri May 04 08:39:41 2012] [warn] mod_wsgi: Runtime using Python/2.7.2+.
[Fri May 04 08:39:41 2012] [notice] Apache/2.2.20 (Ubuntu) PHP/5.3.6-13ubuntu3.6 with Suhosin-Patch mod_wsgi/3.3 Python/2.7.2+ configured -- resuming normal operations
[Fri May 04 08:39:42 2012] [notice] caught SIGTERM, shutting down
[Fri May 04 08:39:43 2012] [warn] mod_wsgi: Compiled for Python/2.7.2rc1.
[Fri May 04 08:39:43 2012] [warn] mod_wsgi: Runtime using Python/2.7.2+.
[Fri May 04 08:39:43 2012] [notice] Apache/2.2.20 (Ubuntu) PHP/5.3.6-13ubuntu3.6 with Suhosin-Patch mod_wsgi/3.3 Python/2.7.2+ configured -- resuming normal operations
[Sun May 06 06:25:04 2012] [notice] Graceful restart requested, doing restart
apache2: Could not reliably determine the server's fully qualified domain name, using 176.58.97.52 for ServerName
[Sun May 06 06:25:04 2012] [warn] mod_wsgi: Compiled for Python/2.7.2rc1.
[Sun May 06 06:25:04 2012] [warn] mod_wsgi: Runtime using Python/2.7.2+.
[Sun May 06 06:25:04 2012] [notice] Apache/2.2.20 (Ubuntu) PHP/5.3.6-13ubuntu3.6 with Suhosin-Patch mod_wsgi/3.3 Python/2.7.2+ configured -- resuming normal operations
[Tue May 08 07:47:30 2012] [notice] caught SIGTERM, shutting down
[Tue May 08 07:47:31 2012] [warn] mod_wsgi: Compiled for Python/2.7.2rc1.
[Tue May 08 07:47:31 2012] [warn] mod_wsgi: Runtime using Python/2.7.2+.
[Tue May 08 07:47:31 2012] [notice] Apache/2.2.20 (Ubuntu) PHP/5.3.6-13ubuntu3.6 with Suhosin-Patch mod_wsgi/3.3 Python/2.7.2+ configured -- resuming normal operations
[Tue May 08 07:48:36 2012] [notice] caught SIGTERM, shutting down
[Tue May 08 07:48:37 2012] [warn] mod_wsgi: Compiled for Python/2.7.2rc1.
[Tue May 08 07:48:37 2012] [warn] mod_wsgi: Runtime using Python/2.7.2+.
[Tue May 08 07:48:37 2012] [notice] Apache/2.2.20 (Ubuntu) PHP/5.3.6-13ubuntu3.6 with Suhosin-Patch mod_wsgi/3.3 Python/2.7.2+ configured -- resuming normal operations
[Thu May 10 07:48:55 2012] [notice] caught SIGTERM, shutting down
[Thu May 10 07:48:56 2012] [warn] mod_wsgi: Compiled for Python/2.7.2rc1.
[Thu May 10 07:48:56 2012] [warn] mod_wsgi: Runtime using Python/2.7.2+.
[Thu May 10 07:48:56 2012] [notice] Apache/2.2.20 (Ubuntu) PHP/5.3.6-13ubuntu3.6 with Suhosin-Patch mod_wsgi/3.3 Python/2.7.2+ configured -- resuming normal operations
[Thu May 10 07:51:12 2012] [notice] caught SIGTERM, shutting down
[Thu May 10 07:51:12 2012] [warn] mod_wsgi: Compiled for Python/2.7.2rc1.
[Thu May 10 07:51:12 2012] [warn] mod_wsgi: Runtime using Python/2.7.2+.
[Thu May 10 07:51:12 2012] [notice] Apache/2.2.20 (Ubuntu) PHP/5.3.6-13ubuntu3.6 with Suhosin-Patch mod_wsgi/3.3 Python/2.7.2+ configured -- resuming normal operations
[Thu May 10 07:52:13 2012] [notice] caught SIGTERM, shutting down
[Thu May 10 07:52:14 2012] [warn] mod_wsgi: Compiled for Python/2.7.2rc1.
[Thu May 10 07:52:14 2012] [warn] mod_wsgi: Runtime using Python/2.7.2+.
[Thu May 10 07:52:14 2012] [notice] Apache/2.2.20 (Ubuntu) PHP/5.3.6-13ubuntu3.6 with Suhosin-Patch mod_wsgi/3.3 Python/2.7.2+ configured -- resuming normal operations
[Thu May 10 07:54:16 2012] [notice] caught SIGTERM, shutting down
[Thu May 10 07:54:17 2012] [warn] mod_wsgi: Compiled for Python/2.7.2rc1.
[Thu May 10 07:54:17 2012] [warn] mod_wsgi: Runtime using Python/2.7.2+.
[Thu May 10 07:54:17 2012] [notice] Apache/2.2.20 (Ubuntu) PHP/5.3.6-13ubuntu3.6 with Suhosin-Patch mod_wsgi/3.3 Python/2.7.2+ configured -- resuming normal operations
[Thu May 10 07:54:51 2012] [notice] caught SIGTERM, shutting down
[Thu May 10 07:54:52 2012] [warn] mod_wsgi: Compiled for Python/2.7.2rc1.
[Thu May 10 07:54:52 2012] [warn] mod_wsgi: Runtime using Python/2.7.2+.
[Thu May 10 07:54:52 2012] [notice] Apache/2.2.20 (Ubuntu) PHP/5.3.6-13ubuntu3.6 with Suhosin-Patch mod_wsgi/3.3 Python/2.7.2+ configured -- resuming normal operations
[Thu May 10 07:59:40 2012] [notice] caught SIGTERM, shutting down
[Thu May 10 07:59:41 2012] [warn] mod_wsgi: Compiled for Python/2.7.2rc1.
[Thu May 10 07:59:41 2012] [warn] mod_wsgi: Runtime using Python/2.7.2+.
[Thu May 10 07:59:41 2012] [notice] Apache/2.2.20 (Ubuntu) PHP/5.3.6-13ubuntu3.6 with Suhosin-Patch mod_wsgi/3.3 Python/2.7.2+ configured -- resuming normal operations
[Thu May 10 08:01:03 2012] [notice] caught SIGTERM, shutting down
[Thu May 10 08:01:04 2012] [warn] mod_wsgi: Compiled for Python/2.7.2rc1.
[Thu May 10 08:01:04 2012] [warn] mod_wsgi: Runtime using Python/2.7.2+.
[Thu May 10 08:01:04 2012] [notice] Apache/2.2.20 (Ubuntu) PHP/5.3.6-13ubuntu3.6 with Suhosin-Patch mod_wsgi/3.3 Python/2.7.2+ configured -- resuming normal operations
[Thu May 10 08:09:54 2012] [notice] caught SIGTERM, shutting down
[Thu May 10 08:09:55 2012] [warn] mod_wsgi: Compiled for Python/2.7.2rc1.
[Thu May 10 08:09:55 2012] [warn] mod_wsgi: Runtime using Python/2.7.2+.
[Thu May 10 08:09:55 2012] [notice] Apache/2.2.20 (Ubuntu) PHP/5.3.6-13ubuntu3.6 with Suhosin-Patch mod_wsgi/3.3 Python/2.7.2+ configured -- resuming normal operations
[Thu May 10 08:11:04 2012] [notice] caught SIGTERM, shutting down
[Thu May 10 08:11:05 2012] [warn] mod_wsgi: Compiled for Python/2.7.2rc1.
[Thu May 10 08:11:05 2012] [warn] mod_wsgi: Runtime using Python/2.7.2+.
[Thu May 10 08:11:05 2012] [notice] Apache/2.2.20 (Ubuntu) PHP/5.3.6-13ubuntu3.6 with Suhosin-Patch mod_wsgi/3.3 Python/2.7.2+ configured -- resuming normal operations
[Thu May 10 08:12:35 2012] [notice] caught SIGTERM, shutting down
[Thu May 10 08:12:36 2012] [warn] mod_wsgi: Compiled for Python/2.7.2rc1.
[Thu May 10 08:12:36 2012] [warn] mod_wsgi: Runtime using Python/2.7.2+.
[Thu May 10 08:12:36 2012] [notice] Apache/2.2.20 (Ubuntu) PHP/5.3.6-13ubuntu3.6 with Suhosin-Patch mod_wsgi/3.3 Python/2.7.2+ configured -- resuming normal operations
[Sun May 13 06:25:03 2012] [notice] Graceful restart requested, doing restart
apache2: Could not reliably determine the server's fully qualified domain name, using 176.58.97.52 for ServerName
[Sun May 13 06:25:03 2012] [warn] mod_wsgi: Compiled for Python/2.7.2rc1.
[Sun May 13 06:25:03 2012] [warn] mod_wsgi: Runtime using Python/2.7.2+.
[Sun May 13 06:25:03 2012] [notice] Apache/2.2.20 (Ubuntu) PHP/5.3.6-13ubuntu3.6 with Suhosin-Patch mod_wsgi/3.3 Python/2.7.2+ configured -- resuming normal operations
[Mon May 14 07:58:45 2012] [notice] caught SIGTERM, shutting down
[Mon May 14 07:58:46 2012] [warn] mod_wsgi: Compiled for Python/2.7.2rc1.
[Mon May 14 07:58:46 2012] [warn] mod_wsgi: Runtime using Python/2.7.2+.
[Mon May 14 07:58:46 2012] [notice] Apache/2.2.20 (Ubuntu) PHP/5.3.6-13ubuntu3.6 with Suhosin-Patch mod_wsgi/3.3 Python/2.7.2+ configured -- resuming normal operations
[Mon May 14 14:32:36 2012] [notice] caught SIGTERM, shutting down
[Mon May 14 14:32:37 2012] [warn] mod_wsgi: Compiled for Python/2.7.2rc1.
[Mon May 14 14:32:37 2012] [warn] mod_wsgi: Runtime using Python/2.7.2+.
[Mon May 14 14:32:37 2012] [notice] Apache/2.2.20 (Ubuntu) PHP/5.3.6-13ubuntu3.6 with Suhosin-Patch mod_wsgi/3.3 Python/2.7.2+ configured -- resuming normal operations
[Mon May 14 14:33:21 2012] [notice] caught SIGTERM, shutting down
[Mon May 14 14:33:22 2012] [warn] mod_wsgi: Compiled for Python/2.7.2rc1.
[Mon May 14 14:33:22 2012] [warn] mod_wsgi: Runtime using Python/2.7.2+.
[Mon May 14 14:33:22 2012] [notice] Apache/2.2.20 (Ubuntu) PHP/5.3.6-13ubuntu3.6 with Suhosin-Patch mod_wsgi/3.3 Python/2.7.2+ configured -- resuming normal operations
[Mon May 14 14:33:46 2012] [notice] caught SIGTERM, shutting down
[Mon May 14 14:33:47 2012] [warn] mod_wsgi: Compiled for Python/2.7.2rc1.
[Mon May 14 14:33:47 2012] [warn] mod_wsgi: Runtime using Python/2.7.2+.
[Mon May 14 14:33:47 2012] [notice] Apache/2.2.20 (Ubuntu) PHP/5.3.6-13ubuntu3.6 with Suhosin-Patch mod_wsgi/3.3 Python/2.7.2+ configured -- resuming normal operations
[Mon May 14 14:34:37 2012] [notice] caught SIGTERM, shutting down
[Mon May 14 14:34:38 2012] [warn] mod_wsgi: Compiled for Python/2.7.2rc1.
[Mon May 14 14:34:38 2012] [warn] mod_wsgi: Runtime using Python/2.7.2+.
[Mon May 14 14:34:38 2012] [notice] Apache/2.2.20 (Ubuntu) PHP/5.3.6-13ubuntu3.6 with Suhosin-Patch mod_wsgi/3.3 Python/2.7.2+ configured -- resuming normal operations
[Mon May 14 14:35:42 2012] [notice] caught SIGTERM, shutting down
[Mon May 14 14:35:43 2012] [warn] mod_wsgi: Compiled for Python/2.7.2rc1.
[Mon May 14 14:35:43 2012] [warn] mod_wsgi: Runtime using Python/2.7.2+.
[Mon May 14 14:35:43 2012] [notice] Apache/2.2.20 (Ubuntu) PHP/5.3.6-13ubuntu3.6 with Suhosin-Patch mod_wsgi/3.3 Python/2.7.2+ configured -- resuming normal operations
[Mon May 14 14:48:29 2012] [notice] caught SIGTERM, shutting down
[Mon May 14 14:48:30 2012] [warn] mod_wsgi: Compiled for Python/2.7.2rc1.
[Mon May 14 14:48:30 2012] [warn] mod_wsgi: Runtime using Python/2.7.2+.
[Mon May 14 14:48:30 2012] [notice] Apache/2.2.20 (Ubuntu) PHP/5.3.6-13ubuntu3.6 with Suhosin-Patch mod_wsgi/3.3 Python/2.7.2+ configured -- resuming normal operations
[Tue May 15 09:37:07 2012] [notice] caught SIGTERM, shutting down
[Tue May 15 09:37:08 2012] [warn] mod_wsgi: Compiled for Python/2.7.2rc1.
[Tue May 15 09:37:08 2012] [warn] mod_wsgi: Runtime using Python/2.7.2+.
[Tue May 15 09:37:08 2012] [notice] Apache/2.2.20 (Ubuntu) PHP/5.3.6-13ubuntu3.6 with Suhosin-Patch mod_wsgi/3.3 Python/2.7.2+ configured -- resuming normal operations
[Tue May 15 13:40:33 2012] [notice] caught SIGTERM, shutting down
[Tue May 15 13:40:33 2012] [warn] mod_wsgi: Compiled for Python/2.7.2rc1.
[Tue May 15 13:40:33 2012] [warn] mod_wsgi: Runtime using Python/2.7.2+.
[Tue May 15 13:40:33 2012] [notice] Apache/2.2.20 (Ubuntu) PHP/5.3.6-13ubuntu3.6 with Suhosin-Patch mod_wsgi/3.3 Python/2.7.2+ configured -- resuming normal operations
[Tue May 15 13:42:00 2012] [notice] caught SIGTERM, shutting down
[Tue May 15 13:42:01 2012] [warn] mod_wsgi: Compiled for Python/2.7.2rc1.
[Tue May 15 13:42:01 2012] [warn] mod_wsgi: Runtime using Python/2.7.2+.
[Tue May 15 13:42:01 2012] [notice] Apache/2.2.20 (Ubuntu) PHP/5.3.6-13ubuntu3.6 with Suhosin-Patch mod_wsgi/3.3 Python/2.7.2+ configured -- resuming normal operations
[Tue May 15 13:45:56 2012] [notice] caught SIGTERM, shutting down
[Tue May 15 13:45:57 2012] [warn] mod_wsgi: Compiled for Python/2.7.2rc1.
[Tue May 15 13:45:57 2012] [warn] mod_wsgi: Runtime using Python/2.7.2+.
[Tue May 15 13:45:57 2012] [notice] Apache/2.2.20 (Ubuntu) PHP/5.3.6-13ubuntu3.6 with Suhosin-Patch mod_wsgi/3.3 Python/2.7.2+ configured -- resuming normal operations
[Tue May 15 13:47:07 2012] [notice] caught SIGTERM, shutting down
[Tue May 15 13:47:08 2012] [warn] mod_wsgi: Compiled for Python/2.7.2rc1.
[Tue May 15 13:47:08 2012] [warn] mod_wsgi: Runtime using Python/2.7.2+.
[Tue May 15 13:47:08 2012] [notice] Apache/2.2.20 (Ubuntu) PHP/5.3.6-13ubuntu3.6 with Suhosin-Patch mod_wsgi/3.3 Python/2.7.2+ configured -- resuming normal operations
[Tue May 15 13:47:42 2012] [notice] caught SIGTERM, shutting down
[Tue May 15 13:47:43 2012] [warn] mod_wsgi: Compiled for Python/2.7.2rc1.
[Tue May 15 13:47:43 2012] [warn] mod_wsgi: Runtime using Python/2.7.2+.
[Tue May 15 13:47:43 2012] [notice] Apache/2.2.20 (Ubuntu) PHP/5.3.6-13ubuntu3.6 with Suhosin-Patch mod_wsgi/3.3 Python/2.7.2+ configured -- resuming normal operations
[Tue May 15 14:10:51 2012] [notice] caught SIGTERM, shutting down
[Tue May 15 14:10:52 2012] [warn] mod_wsgi: Compiled for Python/2.7.2rc1.
[Tue May 15 14:10:52 2012] [warn] mod_wsgi: Runtime using Python/2.7.2+.
[Tue May 15 14:10:52 2012] [notice] Apache/2.2.20 (Ubuntu) PHP/5.3.6-13ubuntu3.6 with Suhosin-Patch mod_wsgi/3.3 Python/2.7.2+ configured -- resuming normal operations
[Tue May 15 14:28:48 2012] [notice] caught SIGTERM, shutting down
[Tue May 15 14:28:48 2012] [warn] mod_wsgi: Compiled for Python/2.7.2rc1.
[Tue May 15 14:28:48 2012] [warn] mod_wsgi: Runtime using Python/2.7.2+.
[Tue May 15 14:28:48 2012] [notice] Apache/2.2.20 (Ubuntu) PHP/5.3.6-13ubuntu3.6 with Suhosin-Patch mod_wsgi/3.3 Python/2.7.2+ configured -- resuming normal operations
[Wed May 16 08:03:13 2012] [notice] caught SIGTERM, shutting down
[Wed May 16 08:03:14 2012] [warn] mod_wsgi: Compiled for Python/2.7.2rc1.
[Wed May 16 08:03:14 2012] [warn] mod_wsgi: Runtime using Python/2.7.2+.
[Wed May 16 08:03:14 2012] [notice] Apache/2.2.20 (Ubuntu) PHP/5.3.6-13ubuntu3.6 with Suhosin-Patch mod_wsgi/3.3 Python/2.7.2+ configured -- resuming normal operations
[Wed May 16 08:10:31 2012] [notice] caught SIGTERM, shutting down
[Wed May 16 08:10:32 2012] [warn] mod_wsgi: Compiled for Python/2.7.2rc1.
[Wed May 16 08:10:32 2012] [warn] mod_wsgi: Runtime using Python/2.7.2+.
[Wed May 16 08:10:32 2012] [notice] Apache/2.2.20 (Ubuntu) PHP/5.3.6-13ubuntu3.6 with Suhosin-Patch mod_wsgi/3.3 Python/2.7.2+ configured -- resuming normal operations
[Wed May 16 08:12:21 2012] [notice] caught SIGTERM, shutting down
[Wed May 16 08:12:22 2012] [warn] mod_wsgi: Compiled for Python/2.7.2rc1.
[Wed May 16 08:12:22 2012] [warn] mod_wsgi: Runtime using Python/2.7.2+.
[Wed May 16 08:12:22 2012] [notice] Apache/2.2.20 (Ubuntu) PHP/5.3.6-13ubuntu3.6 with Suhosin-Patch mod_wsgi/3.3 Python/2.7.2+ configured -- resuming normal operations
[Wed May 16 08:15:19 2012] [notice] caught SIGTERM, shutting down
[Wed May 16 08:15:19 2012] [warn] mod_wsgi: Compiled for Python/2.7.2rc1.
[Wed May 16 08:15:19 2012] [warn] mod_wsgi: Runtime using Python/2.7.2+.
[Wed May 16 08:15:19 2012] [notice] Apache/2.2.20 (Ubuntu) PHP/5.3.6-13ubuntu3.6 with Suhosin-Patch mod_wsgi/3.3 Python/2.7.2+ configured -- resuming normal operations
[Thu May 17 09:34:58 2012] [notice] caught SIGTERM, shutting down
[Thu May 17 09:34:59 2012] [warn] mod_wsgi: Compiled for Python/2.7.2rc1.
[Thu May 17 09:34:59 2012] [warn] mod_wsgi: Runtime using Python/2.7.2+.
[Thu May 17 09:34:59 2012] [notice] Apache/2.2.20 (Ubuntu) PHP/5.3.6-13ubuntu3.6 with Suhosin-Patch mod_wsgi/3.3 Python/2.7.2+ configured -- resuming normal operations
[Thu May 17 14:37:39 2012] [notice] caught SIGTERM, shutting down
[Thu May 17 14:37:40 2012] [warn] mod_wsgi: Compiled for Python/2.7.2rc1.
[Thu May 17 14:37:40 2012] [warn] mod_wsgi: Runtime using Python/2.7.2+.
[Thu May 17 14:37:40 2012] [notice] Apache/2.2.20 (Ubuntu) PHP/5.3.6-13ubuntu3.6 with Suhosin-Patch mod_wsgi/3.3 Python/2.7.2+ configured -- resuming normal operations
[Sun May 20 06:25:04 2012] [notice] Graceful restart requested, doing restart
apache2: Could not reliably determine the server's fully qualified domain name, using 176.58.97.52 for ServerName
[Sun May 20 06:25:05 2012] [warn] mod_wsgi: Compiled for Python/2.7.2rc1.
[Sun May 20 06:25:05 2012] [warn] mod_wsgi: Runtime using Python/2.7.2+.
[Sun May 20 06:25:05 2012] [notice] Apache/2.2.20 (Ubuntu) PHP/5.3.6-13ubuntu3.6 with Suhosin-Patch mod_wsgi/3.3 Python/2.7.2+ configured -- resuming normal operations
[Sun May 27 06:25:04 2012] [notice] Graceful restart requested, doing restart
apache2: Could not reliably determine the server's fully qualified domain name, using 176.58.97.52 for ServerName
[Sun May 27 06:25:04 2012] [warn] mod_wsgi: Compiled for Python/2.7.2rc1.
[Sun May 27 06:25:04 2012] [warn] mod_wsgi: Runtime using Python/2.7.2+.
[Sun May 27 06:25:04 2012] [notice] Apache/2.2.20 (Ubuntu) PHP/5.3.6-13ubuntu3.6 with Suhosin-Patch mod_wsgi/3.3 Python/2.7.2+ configured -- resuming normal operations
[Mon May 28 07:43:58 2012] [notice] caught SIGTERM, shutting down
[Mon May 28 07:43:59 2012] [warn] mod_wsgi: Compiled for Python/2.7.2rc1.
[Mon May 28 07:43:59 2012] [warn] mod_wsgi: Runtime using Python/2.7.2+.
[Mon May 28 07:43:59 2012] [notice] Apache/2.2.20 (Ubuntu) PHP/5.3.6-13ubuntu3.6 with Suhosin-Patch mod_wsgi/3.3 Python/2.7.2+ configured -- resuming normal operations
[Mon May 28 07:47:28 2012] [notice] caught SIGTERM, shutting down
[Mon May 28 07:47:29 2012] [warn] mod_wsgi: Compiled for Python/2.7.2rc1.
[Mon May 28 07:47:29 2012] [warn] mod_wsgi: Runtime using Python/2.7.2+.
[Mon May 28 07:47:29 2012] [notice] Apache/2.2.20 (Ubuntu) PHP/5.3.6-13ubuntu3.6 with Suhosin-Patch mod_wsgi/3.3 Python/2.7.2+ configured -- resuming normal operations
[Mon May 28 07:49:31 2012] [notice] caught SIGTERM, shutting down
[Mon May 28 07:49:31 2012] [warn] mod_wsgi: Compiled for Python/2.7.2rc1.
[Mon May 28 07:49:31 2012] [warn] mod_wsgi: Runtime using Python/2.7.2+.
[Mon May 28 07:49:31 2012] [notice] Apache/2.2.20 (Ubuntu) PHP/5.3.6-13ubuntu3.6 with Suhosin-Patch mod_wsgi/3.3 Python/2.7.2+ configured -- resuming normal operations
[Mon May 28 07:50:49 2012] [notice] caught SIGTERM, shutting down
[Mon May 28 07:50:50 2012] [warn] mod_wsgi: Compiled for Python/2.7.2rc1.
[Mon May 28 07:50:50 2012] [warn] mod_wsgi: Runtime using Python/2.7.2+.
[Mon May 28 07:50:50 2012] [notice] Apache/2.2.20 (Ubuntu) PHP/5.3.6-13ubuntu3.6 with Suhosin-Patch mod_wsgi/3.3 Python/2.7.2+ configured -- resuming normal operations
[Mon May 28 07:52:50 2012] [notice] caught SIGTERM, shutting down
[Mon May 28 07:52:51 2012] [warn] mod_wsgi: Compiled for Python/2.7.2rc1.
[Mon May 28 07:52:51 2012] [warn] mod_wsgi: Runtime using Python/2.7.2+.
[Mon May 28 07:52:51 2012] [notice] Apache/2.2.20 (Ubuntu) PHP/5.3.6-13ubuntu3.6 with Suhosin-Patch mod_wsgi/3.3 Python/2.7.2+ configured -- resuming normal operations
[Mon May 28 08:01:07 2012] [notice] caught SIGTERM, shutting down
[Mon May 28 08:01:07 2012] [warn] mod_wsgi: Compiled for Python/2.7.2rc1.
[Mon May 28 08:01:07 2012] [warn] mod_wsgi: Runtime using Python/2.7.2+.
[Mon May 28 08:01:07 2012] [notice] Apache/2.2.20 (Ubuntu) PHP/5.3.6-13ubuntu3.6 with Suhosin-Patch mod_wsgi/3.3 Python/2.7.2+ configured -- resuming normal operations
[Mon May 28 10:50:14 2012] [notice] caught SIGTERM, shutting down
[Mon May 28 10:50:15 2012] [warn] mod_wsgi: Compiled for Python/2.7.2rc1.
[Mon May 28 10:50:15 2012] [warn] mod_wsgi: Runtime using Python/2.7.2+.
[Mon May 28 10:50:15 2012] [notice] Apache/2.2.20 (Ubuntu) PHP/5.3.6-13ubuntu3.6 with Suhosin-Patch mod_wsgi/3.3 Python/2.7.2+ configured -- resuming normal operations
[Mon May 28 10:52:25 2012] [notice] caught SIGTERM, shutting down
[Mon May 28 10:52:26 2012] [warn] mod_wsgi: Compiled for Python/2.7.2rc1.
[Mon May 28 10:52:26 2012] [warn] mod_wsgi: Runtime using Python/2.7.2+.
[Mon May 28 10:52:26 2012] [notice] Apache/2.2.20 (Ubuntu) PHP/5.3.6-13ubuntu3.6 with Suhosin-Patch mod_wsgi/3.3 Python/2.7.2+ configured -- resuming normal operations
[Mon May 28 10:53:32 2012] [notice] caught SIGTERM, shutting down
[Mon May 28 10:53:33 2012] [warn] mod_wsgi: Compiled for Python/2.7.2rc1.
[Mon May 28 10:53:33 2012] [warn] mod_wsgi: Runtime using Python/2.7.2+.
[Mon May 28 10:53:33 2012] [notice] Apache/2.2.20 (Ubuntu) PHP/5.3.6-13ubuntu3.6 with Suhosin-Patch mod_wsgi/3.3 Python/2.7.2+ configured -- resuming normal operations
[Mon May 28 10:54:19 2012] [notice] caught SIGTERM, shutting down
[Mon May 28 10:54:20 2012] [warn] mod_wsgi: Compiled for Python/2.7.2rc1.
[Mon May 28 10:54:20 2012] [warn] mod_wsgi: Runtime using Python/2.7.2+.
[Mon May 28 10:54:20 2012] [notice] Apache/2.2.20 (Ubuntu) PHP/5.3.6-13ubuntu3.6 with Suhosin-Patch mod_wsgi/3.3 Python/2.7.2+ configured -- resuming normal operations
[Mon May 28 10:56:36 2012] [notice] caught SIGTERM, shutting down
[Mon May 28 10:56:37 2012] [warn] mod_wsgi: Compiled for Python/2.7.2rc1.
[Mon May 28 10:56:37 2012] [warn] mod_wsgi: Runtime using Python/2.7.2+.
[Mon May 28 10:56:37 2012] [notice] Apache/2.2.20 (Ubuntu) PHP/5.3.6-13ubuntu3.6 with Suhosin-Patch mod_wsgi/3.3 Python/2.7.2+ configured -- resuming normal operations
[Mon May 28 11:00:45 2012] [notice] caught SIGTERM, shutting down
[Mon May 28 11:00:46 2012] [warn] mod_wsgi: Compiled for Python/2.7.2rc1.
[Mon May 28 11:00:46 2012] [warn] mod_wsgi: Runtime using Python/2.7.2+.
[Mon May 28 11:00:46 2012] [notice] Apache/2.2.20 (Ubuntu) PHP/5.3.6-13ubuntu3.6 with Suhosin-Patch mod_wsgi/3.3 Python/2.7.2+ configured -- resuming normal operations
[Mon May 28 11:01:12 2012] [notice] caught SIGTERM, shutting down
[Mon May 28 11:01:13 2012] [warn] mod_wsgi: Compiled for Python/2.7.2rc1.
[Mon May 28 11:01:13 2012] [warn] mod_wsgi: Runtime using Python/2.7.2+.
[Mon May 28 11:01:13 2012] [notice] Apache/2.2.20 (Ubuntu) PHP/5.3.6-13ubuntu3.6 with Suhosin-Patch mod_wsgi/3.3 Python/2.7.2+ configured -- resuming normal operations
[Mon May 28 11:09:27 2012] [notice] caught SIGTERM, shutting down
[Mon May 28 11:09:28 2012] [warn] mod_wsgi: Compiled for Python/2.7.2rc1.
[Mon May 28 11:09:28 2012] [warn] mod_wsgi: Runtime using Python/2.7.2+.
[Mon May 28 11:09:28 2012] [notice] Apache/2.2.20 (Ubuntu) PHP/5.3.6-13ubuntu3.6 with Suhosin-Patch mod_wsgi/3.3 Python/2.7.2+ configured -- resuming normal operations
[Mon May 28 11:11:02 2012] [notice] caught SIGTERM, shutting down
[Mon May 28 11:11:04 2012] [warn] mod_wsgi: Compiled for Python/2.7.2rc1.
[Mon May 28 11:11:04 2012] [warn] mod_wsgi: Runtime using Python/2.7.2+.
[Mon May 28 11:11:04 2012] [notice] Apache/2.2.20 (Ubuntu) PHP/5.3.6-13ubuntu3.6 with Suhosin-Patch mod_wsgi/3.3 Python/2.7.2+ configured -- resuming normal operations
[Mon May 28 11:12:13 2012] [notice] caught SIGTERM, shutting down
[Mon May 28 11:12:14 2012] [warn] mod_wsgi: Compiled for Python/2.7.2rc1.
[Mon May 28 11:12:14 2012] [warn] mod_wsgi: Runtime using Python/2.7.2+.
[Mon May 28 11:12:14 2012] [notice] Apache/2.2.20 (Ubuntu) PHP/5.3.6-13ubuntu3.6 with Suhosin-Patch mod_wsgi/3.3 Python/2.7.2+ configured -- resuming normal operations
[Mon May 28 11:16:28 2012] [notice] caught SIGTERM, shutting down
[Mon May 28 11:16:29 2012] [warn] mod_wsgi: Compiled for Python/2.7.2rc1.
[Mon May 28 11:16:29 2012] [warn] mod_wsgi: Runtime using Python/2.7.2+.
[Mon May 28 11:16:29 2012] [notice] Apache/2.2.20 (Ubuntu) PHP/5.3.6-13ubuntu3.6 with Suhosin-Patch mod_wsgi/3.3 Python/2.7.2+ configured -- resuming normal operations
[Mon May 28 11:38:56 2012] [notice] caught SIGTERM, shutting down
[Mon May 28 11:38:57 2012] [warn] mod_wsgi: Compiled for Python/2.7.2rc1.
[Mon May 28 11:38:57 2012] [warn] mod_wsgi: Runtime using Python/2.7.2+.
[Mon May 28 11:38:57 2012] [notice] Apache/2.2.20 (Ubuntu) PHP/5.3.6-13ubuntu3.6 with Suhosin-Patch mod_wsgi/3.3 Python/2.7.2+ configured -- resuming normal operations
[Mon May 28 11:39:22 2012] [notice] caught SIGTERM, shutting down
[Mon May 28 11:39:23 2012] [warn] mod_wsgi: Compiled for Python/2.7.2rc1.
[Mon May 28 11:39:23 2012] [warn] mod_wsgi: Runtime using Python/2.7.2+.
[Mon May 28 11:39:23 2012] [notice] Apache/2.2.20 (Ubuntu) PHP/5.3.6-13ubuntu3.6 with Suhosin-Patch mod_wsgi/3.3 Python/2.7.2+ configured -- resuming normal operations
[Mon May 28 11:41:18 2012] [notice] caught SIGTERM, shutting down
[Mon May 28 11:41:19 2012] [warn] mod_wsgi: Compiled for Python/2.7.2rc1.
[Mon May 28 11:41:19 2012] [warn] mod_wsgi: Runtime using Python/2.7.2+.
[Mon May 28 11:41:19 2012] [notice] Apache/2.2.20 (Ubuntu) PHP/5.3.6-13ubuntu3.6 with Suhosin-Patch mod_wsgi/3.3 Python/2.7.2+ configured -- resuming normal operations
[Mon May 28 11:41:49 2012] [notice] caught SIGTERM, shutting down
[Mon May 28 11:41:50 2012] [warn] mod_wsgi: Compiled for Python/2.7.2rc1.
[Mon May 28 11:41:50 2012] [warn] mod_wsgi: Runtime using Python/2.7.2+.
[Mon May 28 11:41:50 2012] [notice] Apache/2.2.20 (Ubuntu) PHP/5.3.6-13ubuntu3.6 with Suhosin-Patch mod_wsgi/3.3 Python/2.7.2+ configured -- resuming normal operations
[Mon May 28 11:53:40 2012] [notice] caught SIGTERM, shutting down
[Mon May 28 11:53:40 2012] [warn] mod_wsgi: Compiled for Python/2.7.2rc1.
[Mon May 28 11:53:40 2012] [warn] mod_wsgi: Runtime using Python/2.7.2+.
[Mon May 28 11:53:40 2012] [notice] Apache/2.2.20 (Ubuntu) PHP/5.3.6-13ubuntu3.6 with Suhosin-Patch mod_wsgi/3.3 Python/2.7.2+ configured -- resuming normal operations
[Mon May 28 11:56:14 2012] [notice] caught SIGTERM, shutting down
[Mon May 28 11:56:14 2012] [warn] mod_wsgi: Compiled for Python/2.7.2rc1.
[Mon May 28 11:56:14 2012] [warn] mod_wsgi: Runtime using Python/2.7.2+.
[Mon May 28 11:56:14 2012] [notice] Apache/2.2.20 (Ubuntu) PHP/5.3.6-13ubuntu3.6 with Suhosin-Patch mod_wsgi/3.3 Python/2.7.2+ configured -- resuming normal operations
[Mon May 28 13:55:10 2012] [notice] caught SIGTERM, shutting down
[Mon May 28 13:55:10 2012] [warn] mod_wsgi: Compiled for Python/2.7.2rc1.
[Mon May 28 13:55:10 2012] [warn] mod_wsgi: Runtime using Python/2.7.2+.
[Mon May 28 13:55:10 2012] [notice] Apache/2.2.20 (Ubuntu) PHP/5.3.6-13ubuntu3.6 with Suhosin-Patch mod_wsgi/3.3 Python/2.7.2+ configured -- resuming normal operations
[Tue May 29 08:24:03 2012] [notice] caught SIGTERM, shutting down
[Tue May 29 08:24:04 2012] [warn] mod_wsgi: Compiled for Python/2.7.2rc1.
[Tue May 29 08:24:04 2012] [warn] mod_wsgi: Runtime using Python/2.7.2+.
[Tue May 29 08:24:04 2012] [notice] Apache/2.2.20 (Ubuntu) PHP/5.3.6-13ubuntu3.6 with Suhosin-Patch mod_wsgi/3.3 Python/2.7.2+ configured -- resuming normal operations
[Tue May 29 08:24:54 2012] [notice] caught SIGTERM, shutting down
[Tue May 29 08:24:55 2012] [warn] mod_wsgi: Compiled for Python/2.7.2rc1.
[Tue May 29 08:24:55 2012] [warn] mod_wsgi: Runtime using Python/2.7.2+.
[Tue May 29 08:24:55 2012] [notice] Apache/2.2.20 (Ubuntu) PHP/5.3.6-13ubuntu3.6 with Suhosin-Patch mod_wsgi/3.3 Python/2.7.2+ configured -- resuming normal operations
[Tue May 29 08:25:34 2012] [notice] caught SIGTERM, shutting down
[Tue May 29 08:25:35 2012] [warn] mod_wsgi: Compiled for Python/2.7.2rc1.
[Tue May 29 08:25:35 2012] [warn] mod_wsgi: Runtime using Python/2.7.2+.
[Tue May 29 08:25:35 2012] [notice] Apache/2.2.20 (Ubuntu) PHP/5.3.6-13ubuntu3.6 with Suhosin-Patch mod_wsgi/3.3 Python/2.7.2+ configured -- resuming normal operations
[Tue May 29 08:28:35 2012] [notice] caught SIGTERM, shutting down
[Tue May 29 08:28:36 2012] [warn] mod_wsgi: Compiled for Python/2.7.2rc1.
[Tue May 29 08:28:36 2012] [warn] mod_wsgi: Runtime using Python/2.7.2+.
[Tue May 29 08:28:36 2012] [notice] Apache/2.2.20 (Ubuntu) PHP/5.3.6-13ubuntu3.6 with Suhosin-Patch mod_wsgi/3.3 Python/2.7.2+ configured -- resuming normal operations
[Tue May 29 08:30:37 2012] [notice] caught SIGTERM, shutting down
[Tue May 29 08:30:38 2012] [warn] mod_wsgi: Compiled for Python/2.7.2rc1.
[Tue May 29 08:30:38 2012] [warn] mod_wsgi: Runtime using Python/2.7.2+.
[Tue May 29 08:30:38 2012] [notice] Apache/2.2.20 (Ubuntu) PHP/5.3.6-13ubuntu3.6 with Suhosin-Patch mod_wsgi/3.3 Python/2.7.2+ configured -- resuming normal operations
[Tue May 29 08:32:30 2012] [notice] caught SIGTERM, shutting down
[Tue May 29 08:32:31 2012] [warn] mod_wsgi: Compiled for Python/2.7.2rc1.
[Tue May 29 08:32:31 2012] [warn] mod_wsgi: Runtime using Python/2.7.2+.
[Tue May 29 08:32:31 2012] [notice] Apache/2.2.20 (Ubuntu) PHP/5.3.6-13ubuntu3.6 with Suhosin-Patch mod_wsgi/3.3 Python/2.7.2+ configured -- resuming normal operations
[Tue May 29 08:58:27 2012] [notice] caught SIGTERM, shutting down
[Tue May 29 08:58:27 2012] [warn] mod_wsgi: Compiled for Python/2.7.2rc1.
[Tue May 29 08:58:27 2012] [warn] mod_wsgi: Runtime using Python/2.7.2+.
[Tue May 29 08:58:27 2012] [notice] Apache/2.2.20 (Ubuntu) PHP/5.3.6-13ubuntu3.6 with Suhosin-Patch mod_wsgi/3.3 Python/2.7.2+ configured -- resuming normal operations
[Tue May 29 08:59:18 2012] [notice] caught SIGTERM, shutting down
[Tue May 29 08:59:19 2012] [warn] mod_wsgi: Compiled for Python/2.7.2rc1.
[Tue May 29 08:59:19 2012] [warn] mod_wsgi: Runtime using Python/2.7.2+.
[Tue May 29 08:59:19 2012] [notice] Apache/2.2.20 (Ubuntu) PHP/5.3.6-13ubuntu3.6 with Suhosin-Patch mod_wsgi/3.3 Python/2.7.2+ configured -- resuming normal operations
[Tue May 29 09:50:48 2012] [notice] caught SIGTERM, shutting down
[Tue May 29 09:50:49 2012] [warn] mod_wsgi: Compiled for Python/2.7.2rc1.
[Tue May 29 09:50:49 2012] [warn] mod_wsgi: Runtime using Python/2.7.2+.
[Tue May 29 09:50:49 2012] [notice] Apache/2.2.20 (Ubuntu) PHP/5.3.6-13ubuntu3.6 with Suhosin-Patch mod_wsgi/3.3 Python/2.7.2+ configured -- resuming normal operations
[Tue May 29 09:51:50 2012] [notice] caught SIGTERM, shutting down
[Tue May 29 09:51:50 2012] [warn] mod_wsgi: Compiled for Python/2.7.2rc1.
[Tue May 29 09:51:50 2012] [warn] mod_wsgi: Runtime using Python/2.7.2+.
[Tue May 29 09:51:50 2012] [notice] Apache/2.2.20 (Ubuntu) PHP/5.3.6-13ubuntu3.6 with Suhosin-Patch mod_wsgi/3.3 Python/2.7.2+ configured -- resuming normal operations
[Tue May 29 09:52:21 2012] [notice] caught SIGTERM, shutting down
[Tue May 29 09:52:22 2012] [warn] mod_wsgi: Compiled for Python/2.7.2rc1.
[Tue May 29 09:52:22 2012] [warn] mod_wsgi: Runtime using Python/2.7.2+.
[Tue May 29 09:52:22 2012] [notice] Apache/2.2.20 (Ubuntu) PHP/5.3.6-13ubuntu3.6 with Suhosin-Patch mod_wsgi/3.3 Python/2.7.2+ configured -- resuming normal operations
[Wed May 30 09:10:46 2012] [notice] caught SIGTERM, shutting down
[Wed May 30 09:10:47 2012] [warn] mod_wsgi: Compiled for Python/2.7.2rc1.
[Wed May 30 09:10:47 2012] [warn] mod_wsgi: Runtime using Python/2.7.2+.
[Wed May 30 09:10:47 2012] [notice] Apache/2.2.20 (Ubuntu) PHP/5.3.6-13ubuntu3.6 with Suhosin-Patch mod_wsgi/3.3 Python/2.7.2+ configured -- resuming normal operations
[Wed May 30 09:18:35 2012] [notice] caught SIGTERM, shutting down
[Wed May 30 09:18:35 2012] [warn] mod_wsgi: Compiled for Python/2.7.2rc1.
[Wed May 30 09:18:35 2012] [warn] mod_wsgi: Runtime using Python/2.7.2+.
[Wed May 30 09:18:35 2012] [notice] Apache/2.2.20 (Ubuntu) PHP/5.3.6-13ubuntu3.6 with Suhosin-Patch mod_wsgi/3.3 Python/2.7.2+ configured -- resuming normal operations
[Wed May 30 14:26:14 2012] [notice] caught SIGTERM, shutting down
[Wed May 30 14:26:14 2012] [warn] mod_wsgi: Compiled for Python/2.7.2rc1.
[Wed May 30 14:26:14 2012] [warn] mod_wsgi: Runtime using Python/2.7.2+.
[Wed May 30 14:26:14 2012] [notice] Apache/2.2.20 (Ubuntu) PHP/5.3.6-13ubuntu3.6 with Suhosin-Patch mod_wsgi/3.3 Python/2.7.2+ configured -- resuming normal operations
[Wed May 30 14:27:01 2012] [notice] caught SIGTERM, shutting down
[Wed May 30 14:27:02 2012] [warn] mod_wsgi: Compiled for Python/2.7.2rc1.
[Wed May 30 14:27:02 2012] [warn] mod_wsgi: Runtime using Python/2.7.2+.
[Wed May 30 14:27:02 2012] [notice] Apache/2.2.20 (Ubuntu) PHP/5.3.6-13ubuntu3.6 with Suhosin-Patch mod_wsgi/3.3 Python/2.7.2+ configured -- resuming normal operations
